Сборка начата 03.05.2024 14:14:05.
Уровень детализации журнала: Normal.     1>Проект "C:\Users\user\Desktop\OAIP\laba7\laba7\laba7\laba7.vcxproj" в узле 2 (целевые объекты Build).
     1>PrepareForBuild:
         Структурированный вывод включен. Форматирование диагностики компилятора будет отражать иерархию ошибок. Подробнее см. https://aka.ms/cpp/structured-output.
       InitializeBuildStatus:
         Обращение к "x64\Debug\laba7.tlog\unsuccessfulbuild".
       ClCompile:
         Для всех выходных данных обновления не требуется.
       Link:
         C:\Program Files\Microsoft Visual Studio\2022\Community\VC\Tools\MSVC\14.38.33130\bin\HostX64\x64\link.exe /ERRORREPORT:PROMPT /OUT:"C:\Users\user\Desktop\OAIP\laba7\laba7\x64\Debug\laba7.exe" /INCREMENTAL /ILK:"x64\Debug\laba7.ilk" /NOLOGO kernel32.lib user32.lib gdi32.lib winspool.lib comdlg32.lib advapi32.lib shell32.lib ole32.lib oleaut32.lib uuid.lib odbc32.lib odbccp32.lib /MANIFEST /MANIFESTUAC:"level='asInvoker' uiAccess='false'" /manifest:embed /DEBUG /PDB:"C:\Users\user\Desktop\OAIP\laba7\laba7\x64\Debug\laba7.pdb" /SUBSYSTEM:CONSOLE /TLBID:1 /DYNAMICBASE /NXCOMPAT /IMPLIB:"C:\Users\user\Desktop\OAIP\laba7\laba7\x64\Debug\laba7.lib" /MACHINE:X64 x64\Debug\func.obj
         x64\Debug\laba7.obj
         laba7.vcxproj -> C:\Users\user\Desktop\OAIP\laba7\laba7\x64\Debug\laba7.exe
       FinalizeBuildStatus:
         Файл "x64\Debug\laba7.tlog\unsuccessfulbuild" удаляется.
         Обращение к "x64\Debug\laba7.tlog\laba7.lastbuildstate".
     1>Сборка проекта "C:\Users\user\Desktop\OAIP\laba7\laba7\laba7\laba7.vcxproj" завершена (целевые объекты Build).

Сборка успешно завершена.
    Предупреждений: 0
    Ошибок: 0

Прошло времени 00:00:00.40
